<?xml version="1.0" encoding="UTF-8"?>
<!-- Generated by org.testng.reporters.JUnitXMLReporter -->
<testsuite hostname="LAPTOP-JJEKI9M2" ignored="1" name="Car Loan" tests="2" failures="0" timestamp="01 Jun 2020 20:44:24 GMT" time="0.045" errors="0">
  <testcase name="LoginAPI" time="0.015" classname="test.day3"/>
  <testcase name="WebLoginCarLoan" time="0.002" classname="test.day3"/>
  <testcase name="MobileLogin" time="0.0" classname="test.day3">
    <ignored/>
  </testcase> <!-- MobileLogin -->
</testsuite> <!-- Car Loan -->
